2020-03-31 13:49:05.917  INFO 29391 --- [restartedMain] .SpringBootThymeleafStarAdminApplication : Starting SpringBootThymeleafStarAdminApplication on AlexDoan with PID 29391 (/Users/mdplus/Downloads/spring-boot-thymeleaf-staradmin-demo-master/target/classes started by mdplus in /Users/mdplus/Downloads/spring-boot-thymeleaf-staradmin-demo-master)
2020-03-31 13:49:05.922  INFO 29391 --- [restartedMain] .SpringBootThymeleafStarAdminApplication : No active profile set, falling back to default profiles: default
2020-03-31 13:49:06.445  INFO 29391 --- [restartedMain] ConfigServletWebServerApplicationContext : Refreshing org.springframework.boot.web.servlet.context.AnnotationConfigServletWebServerApplicationContext@1306dbc1: startup date [Tue Mar 31 13:49:06 ICT 2020]; root of context hierarchy
2020-03-31 13:49:08.444  INFO 29391 --- [restartedMain] o.s.b.w.embedded.tomcat.TomcatWebServer  : Tomcat initialized with port(s): 8080 (http)
2020-03-31 13:49:08.474  INFO 29391 --- [restartedMain] o.apache.catalina.core.StandardService   : Starting service [Tomcat]
2020-03-31 13:49:08.474  INFO 29391 --- [restartedMain] org.apache.catalina.core.StandardEngine  : Starting Servlet Engine: Apache Tomcat/8.5.34
2020-03-31 13:49:08.479  INFO 29391 --- [localhost-startStop-1] o.a.catalina.core.AprLifecycleListener   : The APR based Apache Tomcat Native library which allows optimal performance in production environments was not found on the java.library.path: [/Users/mdplus/Library/Java/Extensions:/Library/Java/Extensions:/Network/Library/Java/Extensions:/System/Library/Java/Extensions:/usr/lib/java:.]
2020-03-31 13:49:08.555  INFO 29391 --- [localhost-startStop-1] o.a.c.c.C.[Tomcat].[localhost].[/]       : Initializing Spring embedded WebApplicationContext
2020-03-31 13:49:08.556  INFO 29391 --- [localhost-startStop-1] o.s.web.context.ContextLoader            : Root WebApplicationContext: initialization completed in 2110 ms
2020-03-31 13:49:08.644  INFO 29391 --- [localhost-startStop-1] o.s.b.w.servlet.ServletRegistrationBean  : Servlet dispatcherServlet mapped to [/]
2020-03-31 13:49:08.649  INFO 29391 --- [localhost-startStop-1] o.s.b.w.servlet.FilterRegistrationBean   : Mapping filter: 'characterEncodingFilter' to: [/*]
2020-03-31 13:49:08.649  INFO 29391 --- [localhost-startStop-1] o.s.b.w.servlet.FilterRegistrationBean   : Mapping filter: 'hiddenHttpMethodFilter' to: [/*]
2020-03-31 13:49:08.650  INFO 29391 --- [localhost-startStop-1] o.s.b.w.servlet.FilterRegistrationBean   : Mapping filter: 'httpPutFormContentFilter' to: [/*]
2020-03-31 13:49:08.650  INFO 29391 --- [localhost-startStop-1] o.s.b.w.servlet.FilterRegistrationBean   : Mapping filter: 'requestContextFilter' to: [/*]
2020-03-31 13:49:08.998  INFO 29391 --- [restartedMain] o.s.w.s.handler.SimpleUrlHandlerMapping  : Mapped URL path [/**/favicon.ico] onto handler of type [class org.springframework.web.servlet.resource.ResourceHttpRequestHandler]
2020-03-31 13:49:09.258  INFO 29391 --- [restartedMain] s.w.s.m.m.a.RequestMappingHandlerAdapter : Looking for @ControllerAdvice: org.springframework.boot.web.servlet.context.AnnotationConfigServletWebServerApplicationContext@1306dbc1: startup date [Tue Mar 31 13:49:06 ICT 2020]; root of context hierarchy
2020-03-31 13:49:09.555  INFO 29391 --- [restartedMain] s.w.s.m.m.a.RequestMappingHandlerMapping : Mapped "{[/pages/dashboard],methods=[GET]}" onto public org.springframework.ui.ModelMap com.farhan.staradmin.controller.DashboardController.mmDashboard()
2020-03-31 13:49:09.558  INFO 29391 --- [restartedMain] s.w.s.m.m.a.RequestMappingHandlerMapping : Mapped "{[/pages/form-elements],methods=[GET]}" onto public org.springframework.ui.ModelMap com.farhan.staradmin.controller.FormElementsController.mmFormElements()
2020-03-31 13:49:09.559  INFO 29391 --- [restartedMain] s.w.s.m.m.a.RequestMappingHandlerMapping : Mapped "{[/api/v1/persons],methods=[GET]}" onto public java.util.List<com.farhan.staradmin.domain.Person> com.farhan.staradmin.controller.PersonController.findAll()
2020-03-31 13:49:09.561  INFO 29391 --- [restartedMain] s.w.s.m.m.a.RequestMappingHandlerMapping : Mapped "{[/pages/table-elements],methods=[GET]}" onto public org.springframework.ui.ModelMap com.farhan.staradmin.controller.TableElements.mmTableElements()
2020-03-31 13:49:09.568  INFO 29391 --- [restartedMain] s.w.s.m.m.a.RequestMappingHandlerMapping : Mapped "{[/error]}" onto public org.springframework.http.ResponseEntity<java.util.Map<java.lang.String, java.lang.Object>> org.springframework.boot.autoconfigure.web.servlet.error.BasicErrorController.error(javax.servlet.http.HttpServletRequest)
2020-03-31 13:49:09.569  INFO 29391 --- [restartedMain] s.w.s.m.m.a.RequestMappingHandlerMapping : Mapped "{[/error],produces=[text/html]}" onto public org.springframework.web.servlet.ModelAndView org.springframework.boot.autoconfigure.web.servlet.error.BasicErrorController.errorHtml(javax.servlet.http.HttpServletRequest,javax.servlet.http.HttpServletResponse)
2020-03-31 13:49:09.580  INFO 29391 --- [restartedMain] o.s.w.s.handler.SimpleUrlHandlerMapping  : Root mapping to handler of type [class org.springframework.web.servlet.mvc.ParameterizableViewController]
2020-03-31 13:49:09.606  INFO 29391 --- [restartedMain] o.s.w.s.handler.SimpleUrlHandlerMapping  : Mapped URL path [/webjars/**] onto handler of type [class org.springframework.web.servlet.resource.ResourceHttpRequestHandler]
2020-03-31 13:49:09.606  INFO 29391 --- [restartedMain] o.s.w.s.handler.SimpleUrlHandlerMapping  : Mapped URL path [/**] onto handler of type [class org.springframework.web.servlet.resource.ResourceHttpRequestHandler]
2020-03-31 13:49:09.700  WARN 29391 --- [restartedMain] org.thymeleaf.templatemode.TemplateMode  : [THYMELEAF][restartedMain] Template Mode 'LEGACYHTML5' is deprecated. Using Template Mode 'HTML' instead.
2020-03-31 13:49:10.044  INFO 29391 --- [restartedMain] o.s.b.d.a.OptionalLiveReloadServer       : LiveReload server is running on port 35729
2020-03-31 13:49:10.080  INFO 29391 --- [restartedMain] o.s.j.e.a.AnnotationMBeanExporter        : Registering beans for JMX exposure on startup
2020-03-31 13:49:10.145  INFO 29391 --- [restartedMain] o.s.b.w.embedded.tomcat.TomcatWebServer  : Tomcat started on port(s): 8080 (http) with context path ''
2020-03-31 13:49:10.152  INFO 29391 --- [restartedMain] .SpringBootThymeleafStarAdminApplication : Started SpringBootThymeleafStarAdminApplication in 4.984 seconds (JVM running for 7.815)
2020-03-31 13:57:03.849  INFO 29391 --- [http-nio-8080-exec-1] o.a.c.c.C.[Tomcat].[localhost].[/]       : Initializing Spring FrameworkServlet 'dispatcherServlet'
2020-03-31 13:57:03.849  INFO 29391 --- [http-nio-8080-exec-1] o.s.web.servlet.DispatcherServlet        : FrameworkServlet 'dispatcherServlet': initialization started
2020-03-31 13:57:03.868  INFO 29391 --- [http-nio-8080-exec-1] o.s.web.servlet.DispatcherServlet        : FrameworkServlet 'dispatcherServlet': initialization completed in 19 ms
2020-03-31 13:57:04.261  WARN 29391 --- [http-nio-8080-exec-2] n.n.u.t.decorators.DecoratorProcessor    : The layout:decorator/data-layout-decorator processor has been deprecated and will be removed in the next major version of the layout dialect.  Please use layout:decorate/data-layout-decorate instead to future-proof your code.  See https://github.com/ultraq/thymeleaf-layout-dialect/issues/95 for more information.
2020-03-31 13:57:04.449  WARN 29391 --- [http-nio-8080-exec-2] n.n.u.t.expressions.ExpressionProcessor  : Fragment expression "layout" is being wrapped as a Thymeleaf 3 fragment expression (~{...}) for backwards compatibility purposes.  This wrapping will be dropped in the next major version of the expression processor, so please rewrite as a Thymeleaf 3 fragment expression to future-proof your code.  See https://github.com/thymeleaf/thymeleaf/issues/451 for more information.
2020-03-31 14:10:13.085  INFO 29391 --- [Thread-21] ConfigServletWebServerApplicationContext : Closing org.springframework.boot.web.servlet.context.AnnotationConfigServletWebServerApplicationContext@1306dbc1: startup date [Tue Mar 31 13:49:06 ICT 2020]; root of context hierarchy
2020-03-31 14:10:13.104  INFO 29391 --- [Thread-21] o.s.j.e.a.AnnotationMBeanExporter        : Unregistering JMX-exposed beans on shutdown
2020-03-31 14:52:33.500  INFO 31385 --- [restartedMain] c.b.f.BillionairBinanceFutureApplication : Starting BillionairBinanceFutureApplication on AlexDoan with PID 31385 (/Users/mdplus/Workspace/Home/Java/billionair-binance-future/target/classes started by mdplus in /Users/mdplus/Workspace/Home/Java/billionair-binance-future)
2020-03-31 14:52:33.502  INFO 31385 --- [restartedMain] c.b.f.BillionairBinanceFutureApplication : No active profile set, falling back to default profiles: default
2020-03-31 14:52:33.881  INFO 31385 --- [restartedMain] ConfigServletWebServerApplicationContext : Refreshing org.springframework.boot.web.servlet.context.AnnotationConfigServletWebServerApplicationContext@472986e1: startup date [Tue Mar 31 14:52:33 ICT 2020]; root of context hierarchy
2020-03-31 14:52:35.707  INFO 31385 --- [restartedMain] o.s.b.w.embedded.tomcat.TomcatWebServer  : Tomcat initialized with port(s): 8080 (http)
2020-03-31 14:52:35.780  INFO 31385 --- [restartedMain] o.apache.catalina.core.StandardService   : Starting service [Tomcat]
2020-03-31 14:52:35.780  INFO 31385 --- [restartedMain] org.apache.catalina.core.StandardEngine  : Starting Servlet Engine: Apache Tomcat/8.5.34
2020-03-31 14:52:35.785  INFO 31385 --- [localhost-startStop-1] o.a.catalina.core.AprLifecycleListener   : The APR based Apache Tomcat Native library which allows optimal performance in production environments was not found on the java.library.path: [/Users/mdplus/Library/Java/Extensions:/Library/Java/Extensions:/Network/Library/Java/Extensions:/System/Library/Java/Extensions:/usr/lib/java:.]
2020-03-31 14:52:35.872  INFO 31385 --- [localhost-startStop-1] o.a.c.c.C.[Tomcat].[localhost].[/]       : Initializing Spring embedded WebApplicationContext
2020-03-31 14:52:35.872  INFO 31385 --- [localhost-startStop-1] o.s.web.context.ContextLoader            : Root WebApplicationContext: initialization completed in 1991 ms
2020-03-31 14:52:35.943  INFO 31385 --- [localhost-startStop-1] o.s.b.w.servlet.ServletRegistrationBean  : Servlet dispatcherServlet mapped to [/]
2020-03-31 14:52:35.948  INFO 31385 --- [localhost-startStop-1] o.s.b.w.servlet.FilterRegistrationBean   : Mapping filter: 'characterEncodingFilter' to: [/*]
2020-03-31 14:52:35.948  INFO 31385 --- [localhost-startStop-1] o.s.b.w.servlet.FilterRegistrationBean   : Mapping filter: 'hiddenHttpMethodFilter' to: [/*]
2020-03-31 14:52:35.949  INFO 31385 --- [localhost-startStop-1] o.s.b.w.servlet.FilterRegistrationBean   : Mapping filter: 'httpPutFormContentFilter' to: [/*]
2020-03-31 14:52:35.949  INFO 31385 --- [localhost-startStop-1] o.s.b.w.servlet.FilterRegistrationBean   : Mapping filter: 'requestContextFilter' to: [/*]
2020-03-31 14:52:36.366  INFO 31385 --- [restartedMain] o.s.w.s.handler.SimpleUrlHandlerMapping  : Mapped URL path [/**/favicon.ico] onto handler of type [class org.springframework.web.servlet.resource.ResourceHttpRequestHandler]
2020-03-31 14:52:36.659  INFO 31385 --- [restartedMain] s.w.s.m.m.a.RequestMappingHandlerAdapter : Looking for @ControllerAdvice: org.springframework.boot.web.servlet.context.AnnotationConfigServletWebServerApplicationContext@472986e1: startup date [Tue Mar 31 14:52:33 ICT 2020]; root of context hierarchy
2020-03-31 14:52:36.814  INFO 31385 --- [restartedMain] s.w.s.m.m.a.RequestMappingHandlerMapping : Mapped "{[/pages/dashboard],methods=[GET]}" onto public org.springframework.ui.ModelMap com.binance.future.controller.DashboardController.mmDashboard()
2020-03-31 14:52:36.816  INFO 31385 --- [restartedMain] s.w.s.m.m.a.RequestMappingHandlerMapping : Mapped "{[/pages/form-elements],methods=[GET]}" onto public org.springframework.ui.ModelMap com.binance.future.controller.FormElementsController.mmFormElements()
2020-03-31 14:52:36.817  INFO 31385 --- [restartedMain] s.w.s.m.m.a.RequestMappingHandlerMapping : Mapped "{[/api/v1/persons],methods=[GET]}" onto public java.util.List<com.binance.future.entity.Person> com.binance.future.controller.PersonController.findAll()
2020-03-31 14:52:36.817  INFO 31385 --- [restartedMain] s.w.s.m.m.a.RequestMappingHandlerMapping : Mapped "{[/pages/table-elements],methods=[GET]}" onto public org.springframework.ui.ModelMap com.binance.future.controller.TableElements.mmTableElements()
2020-03-31 14:52:36.821  INFO 31385 --- [restartedMain] s.w.s.m.m.a.RequestMappingHandlerMapping : Mapped "{[/error]}" onto public org.springframework.http.ResponseEntity<java.util.Map<java.lang.String, java.lang.Object>> org.springframework.boot.autoconfigure.web.servlet.error.BasicErrorController.error(javax.servlet.http.HttpServletRequest)
2020-03-31 14:52:36.822  INFO 31385 --- [restartedMain] s.w.s.m.m.a.RequestMappingHandlerMapping : Mapped "{[/error],produces=[text/html]}" onto public org.springframework.web.servlet.ModelAndView org.springframework.boot.autoconfigure.web.servlet.error.BasicErrorController.errorHtml(javax.servlet.http.HttpServletRequest,javax.servlet.http.HttpServletResponse)
2020-03-31 14:52:36.833  INFO 31385 --- [restartedMain] o.s.w.s.handler.SimpleUrlHandlerMapping  : Root mapping to handler of type [class org.springframework.web.servlet.mvc.ParameterizableViewController]
2020-03-31 14:52:36.852  INFO 31385 --- [restartedMain] o.s.w.s.handler.SimpleUrlHandlerMapping  : Mapped URL path [/webjars/**] onto handler of type [class org.springframework.web.servlet.resource.ResourceHttpRequestHandler]
2020-03-31 14:52:36.852  INFO 31385 --- [restartedMain] o.s.w.s.handler.SimpleUrlHandlerMapping  : Mapped URL path [/**] onto handler of type [class org.springframework.web.servlet.resource.ResourceHttpRequestHandler]
2020-03-31 14:52:36.938  WARN 31385 --- [restartedMain] org.thymeleaf.templatemode.TemplateMode  : [THYMELEAF][restartedMain] Template Mode 'LEGACYHTML5' is deprecated. Using Template Mode 'HTML' instead.
2020-03-31 14:52:37.287  INFO 31385 --- [restartedMain] o.s.b.d.a.OptionalLiveReloadServer       : LiveReload server is running on port 35729
2020-03-31 14:52:37.322  INFO 31385 --- [restartedMain] o.s.j.e.a.AnnotationMBeanExporter        : Registering beans for JMX exposure on startup
2020-03-31 14:52:37.434  INFO 31385 --- [restartedMain] o.s.b.w.embedded.tomcat.TomcatWebServer  : Tomcat started on port(s): 8080 (http) with context path ''
2020-03-31 14:52:37.444  INFO 31385 --- [restartedMain] c.b.f.BillionairBinanceFutureApplication : Started BillionairBinanceFutureApplication in 4.532 seconds (JVM running for 5.833)
2020-03-31 14:58:54.329  INFO 31385 --- [Thread-15] ConfigServletWebServerApplicationContext : Closing org.springframework.boot.web.servlet.context.AnnotationConfigServletWebServerApplicationContext@472986e1: startup date [Tue Mar 31 14:52:33 ICT 2020]; root of context hierarchy
2020-03-31 14:58:54.355  INFO 31385 --- [Thread-15] o.s.j.e.a.AnnotationMBeanExporter        : Unregistering JMX-exposed beans on shutdown
2020-03-31 14:58:54.815  INFO 31385 --- [restartedMain] c.b.f.BillionairBinanceFutureApplication : Starting BillionairBinanceFutureApplication on AlexDoan with PID 31385 (/Users/mdplus/Workspace/Home/Java/billionair-binance-future/target/classes started by mdplus in /Users/mdplus/Workspace/Home/Java/billionair-binance-future)
2020-03-31 14:58:54.816  INFO 31385 --- [restartedMain] c.b.f.BillionairBinanceFutureApplication : No active profile set, falling back to default profiles: default
2020-03-31 14:58:54.819  INFO 31385 --- [restartedMain] ConfigServletWebServerApplicationContext : Refreshing org.springframework.boot.web.servlet.context.AnnotationConfigServletWebServerApplicationContext@215f1185: startup date [Tue Mar 31 14:58:54 ICT 2020]; root of context hierarchy
2020-03-31 14:58:55.549  INFO 31385 --- [restartedMain] o.s.b.w.embedded.tomcat.TomcatWebServer  : Tomcat initialized with port(s): 8080 (http)
2020-03-31 14:58:55.550  INFO 31385 --- [restartedMain] o.apache.catalina.core.StandardService   : Starting service [Tomcat]
2020-03-31 14:58:55.551  INFO 31385 --- [restartedMain] org.apache.catalina.core.StandardEngine  : Starting Servlet Engine: Apache Tomcat/8.5.34
2020-03-31 14:58:55.572  INFO 31385 --- [localhost-startStop-1] o.a.c.c.C.[Tomcat].[localhost].[/]       : Initializing Spring embedded WebApplicationContext
2020-03-31 14:58:55.573  INFO 31385 --- [localhost-startStop-1] o.s.web.context.ContextLoader            : Root WebApplicationContext: initialization completed in 754 ms
2020-03-31 14:58:55.588  INFO 31385 --- [localhost-startStop-1] o.s.b.w.servlet.ServletRegistrationBean  : Servlet dispatcherServlet mapped to [/]
2020-03-31 14:58:55.588  INFO 31385 --- [localhost-startStop-1] o.s.b.w.servlet.FilterRegistrationBean   : Mapping filter: 'characterEncodingFilter' to: [/*]
2020-03-31 14:58:55.588  INFO 31385 --- [localhost-startStop-1] o.s.b.w.servlet.FilterRegistrationBean   : Mapping filter: 'hiddenHttpMethodFilter' to: [/*]
2020-03-31 14:58:55.589  INFO 31385 --- [localhost-startStop-1] o.s.b.w.servlet.FilterRegistrationBean   : Mapping filter: 'httpPutFormContentFilter' to: [/*]
2020-03-31 14:58:55.589  INFO 31385 --- [localhost-startStop-1] o.s.b.w.servlet.FilterRegistrationBean   : Mapping filter: 'requestContextFilter' to: [/*]
2020-03-31 14:58:55.653  INFO 31385 --- [restartedMain] o.s.w.s.handler.SimpleUrlHandlerMapping  : Mapped URL path [/**/favicon.ico] onto handler of type [class org.springframework.web.servlet.resource.ResourceHttpRequestHandler]
2020-03-31 14:58:55.708  INFO 31385 --- [restartedMain] s.w.s.m.m.a.RequestMappingHandlerAdapter : Looking for @ControllerAdvice: org.springframework.boot.web.servlet.context.AnnotationConfigServletWebServerApplicationContext@215f1185: startup date [Tue Mar 31 14:58:54 ICT 2020]; root of context hierarchy
2020-03-31 14:58:55.720  INFO 31385 --- [restartedMain] s.w.s.m.m.a.RequestMappingHandlerMapping : Mapped "{[/pages/dashboard],methods=[GET]}" onto public org.springframework.ui.ModelMap com.binance.future.controller.DashboardController.mmDashboard()
2020-03-31 14:58:55.722  INFO 31385 --- [restartedMain] s.w.s.m.m.a.RequestMappingHandlerMapping : Mapped "{[/pages/form-elements],methods=[GET]}" onto public org.springframework.ui.ModelMap com.binance.future.controller.FormElementsController.mmFormElements()
2020-03-31 14:58:55.723  INFO 31385 --- [restartedMain] s.w.s.m.m.a.RequestMappingHandlerMapping : Mapped "{[/api/v1/persons],methods=[GET]}" onto public java.util.List<com.binance.future.entity.Person> com.binance.future.controller.PersonController.findAll()
2020-03-31 14:58:55.724  INFO 31385 --- [restartedMain] s.w.s.m.m.a.RequestMappingHandlerMapping : Mapped "{[/pages/table-elements],methods=[GET]}" onto public org.springframework.ui.ModelMap com.binance.future.controller.TableElements.mmTableElements()
2020-03-31 14:58:55.730  INFO 31385 --- [restartedMain] s.w.s.m.m.a.RequestMappingHandlerMapping : Mapped "{[/error]}" onto public org.springframework.http.ResponseEntity<java.util.Map<java.lang.String, java.lang.Object>> org.springframework.boot.autoconfigure.web.servlet.error.BasicErrorController.error(javax.servlet.http.HttpServletRequest)
2020-03-31 14:58:55.730  INFO 31385 --- [restartedMain] s.w.s.m.m.a.RequestMappingHandlerMapping : Mapped "{[/error],produces=[text/html]}" onto public org.springframework.web.servlet.ModelAndView org.springframework.boot.autoconfigure.web.servlet.error.BasicErrorController.errorHtml(javax.servlet.http.HttpServletRequest,javax.servlet.http.HttpServletResponse)
2020-03-31 14:58:55.736  INFO 31385 --- [restartedMain] o.s.w.s.handler.SimpleUrlHandlerMapping  : Root mapping to handler of type [class org.springframework.web.servlet.mvc.ParameterizableViewController]
2020-03-31 14:58:55.743  INFO 31385 --- [restartedMain] o.s.w.s.handler.SimpleUrlHandlerMapping  : Mapped URL path [/webjars/**] onto handler of type [class org.springframework.web.servlet.resource.ResourceHttpRequestHandler]
2020-03-31 14:58:55.743  INFO 31385 --- [restartedMain] o.s.w.s.handler.SimpleUrlHandlerMapping  : Mapped URL path [/**] onto handler of type [class org.springframework.web.servlet.resource.ResourceHttpRequestHandler]
2020-03-31 14:58:55.775  WARN 31385 --- [restartedMain] org.thymeleaf.templatemode.TemplateMode  : [THYMELEAF][restartedMain] Template Mode 'LEGACYHTML5' is deprecated. Using Template Mode 'HTML' instead.
2020-03-31 14:58:55.971  INFO 31385 --- [restartedMain] o.s.b.d.a.OptionalLiveReloadServer       : LiveReload server is running on port 35729
2020-03-31 14:58:56.001  INFO 31385 --- [restartedMain] o.s.j.e.a.AnnotationMBeanExporter        : Registering beans for JMX exposure on startup
2020-03-31 14:58:56.017  INFO 31385 --- [restartedMain] o.s.b.w.embedded.tomcat.TomcatWebServer  : Tomcat started on port(s): 8080 (http) with context path ''
2020-03-31 14:58:56.018  INFO 31385 --- [restartedMain] c.b.f.BillionairBinanceFutureApplication : Started BillionairBinanceFutureApplication in 1.258 seconds (JVM running for 384.403)
2020-03-31 14:58:56.022  INFO 31385 --- [restartedMain] .ConditionEvaluationDeltaLoggingListener : Condition evaluation unchanged
2020-03-31 14:59:00.505  INFO 31671 --- [main] ngBootThymeleafStarAdminApplicationTests : Starting SpringBootThymeleafStarAdminApplicationTests on AlexDoan with PID 31671 (started by mdplus in /Users/mdplus/Workspace/Home/Java/billionair-binance-future)
2020-03-31 14:59:00.507  INFO 31671 --- [main] ngBootThymeleafStarAdminApplicationTests : No active profile set, falling back to default profiles: default
2020-03-31 14:59:00.783  INFO 31671 --- [main] o.s.w.c.s.GenericWebApplicationContext   : Refreshing org.springframework.web.context.support.GenericWebApplicationContext@7d900ecf: startup date [Tue Mar 31 14:59:00 ICT 2020]; root of context hierarchy
2020-03-31 14:59:02.558  INFO 31671 --- [main] o.s.w.s.handler.SimpleUrlHandlerMapping  : Mapped URL path [/**/favicon.ico] onto handler of type [class org.springframework.web.servlet.resource.ResourceHttpRequestHandler]
2020-03-31 14:59:02.735  INFO 31671 --- [main] s.w.s.m.m.a.RequestMappingHandlerAdapter : Looking for @ControllerAdvice: org.springframework.web.context.support.GenericWebApplicationContext@7d900ecf: startup date [Tue Mar 31 14:59:00 ICT 2020]; root of context hierarchy
2020-03-31 14:59:02.927  INFO 31671 --- [main] s.w.s.m.m.a.RequestMappingHandlerMapping : Mapped "{[/pages/dashboard],methods=[GET]}" onto public org.springframework.ui.ModelMap com.binance.future.controller.DashboardController.mmDashboard()
2020-03-31 14:59:02.930  INFO 31671 --- [main] s.w.s.m.m.a.RequestMappingHandlerMapping : Mapped "{[/pages/form-elements],methods=[GET]}" onto public org.springframework.ui.ModelMap com.binance.future.controller.FormElementsController.mmFormElements()
2020-03-31 14:59:02.932  INFO 31671 --- [main] s.w.s.m.m.a.RequestMappingHandlerMapping : Mapped "{[/api/v1/persons],methods=[GET]}" onto public java.util.List<com.binance.future.entity.Person> com.binance.future.controller.PersonController.findAll()
2020-03-31 14:59:02.934  INFO 31671 --- [main] s.w.s.m.m.a.RequestMappingHandlerMapping : Mapped "{[/pages/table-elements],methods=[GET]}" onto public org.springframework.ui.ModelMap com.binance.future.controller.TableElements.mmTableElements()
2020-03-31 14:59:02.944  INFO 31671 --- [main] s.w.s.m.m.a.RequestMappingHandlerMapping : Mapped "{[/error]}" onto public org.springframework.http.ResponseEntity<java.util.Map<java.lang.String, java.lang.Object>> org.springframework.boot.autoconfigure.web.servlet.error.BasicErrorController.error(javax.servlet.http.HttpServletRequest)
2020-03-31 14:59:02.945  INFO 31671 --- [main] s.w.s.m.m.a.RequestMappingHandlerMapping : Mapped "{[/error],produces=[text/html]}" onto public org.springframework.web.servlet.ModelAndView org.springframework.boot.autoconfigure.web.servlet.error.BasicErrorController.errorHtml(javax.servlet.http.HttpServletRequest,javax.servlet.http.HttpServletResponse)
2020-03-31 14:59:02.959  INFO 31671 --- [main] o.s.w.s.handler.SimpleUrlHandlerMapping  : Root mapping to handler of type [class org.springframework.web.servlet.mvc.ParameterizableViewController]
2020-03-31 14:59:02.981  INFO 31671 --- [main] o.s.w.s.handler.SimpleUrlHandlerMapping  : Mapped URL path [/webjars/**] onto handler of type [class org.springframework.web.servlet.resource.ResourceHttpRequestHandler]
2020-03-31 14:59:02.981  INFO 31671 --- [main] o.s.w.s.handler.SimpleUrlHandlerMapping  : Mapped URL path [/**] onto handler of type [class org.springframework.web.servlet.resource.ResourceHttpRequestHandler]
2020-03-31 14:59:03.063  WARN 31671 --- [main] org.thymeleaf.templatemode.TemplateMode  : [THYMELEAF][main] Template Mode 'LEGACYHTML5' is deprecated. Using Template Mode 'HTML' instead.
2020-03-31 14:59:03.251  INFO 31671 --- [main] ngBootThymeleafStarAdminApplicationTests : Started SpringBootThymeleafStarAdminApplicationTests in 3.175 seconds (JVM running for 4.191)
2020-03-31 14:59:03.507  INFO 31671 --- [Thread-3] o.s.w.c.s.GenericWebApplicationContext   : Closing org.springframework.web.context.support.GenericWebApplicationContext@7d900ecf: startup date [Tue Mar 31 14:59:00 ICT 2020]; root of context hierarchy
2020-03-31 15:04:12.267  INFO 31385 --- [Thread-28] ConfigServletWebServerApplicationContext : Closing org.springframework.boot.web.servlet.context.AnnotationConfigServletWebServerApplicationContext@215f1185: startup date [Tue Mar 31 14:58:54 ICT 2020]; root of context hierarchy
2020-03-31 15:04:12.269  INFO 31385 --- [Thread-28] o.s.j.e.a.AnnotationMBeanExporter        : Unregistering JMX-exposed beans on shutdown
2020-03-31 15:09:27.645  INFO 33568 --- [main] ngBootThymeleafStarAdminApplicationTests : Starting SpringBootThymeleafStarAdminApplicationTests on AlexDoan with PID 33568 (started by mdplus in /Users/mdplus/Workspace/Home/Java/billionair-binance-future)
2020-03-31 15:09:27.647  INFO 33568 --- [main] ngBootThymeleafStarAdminApplicationTests : No active profile set, falling back to default profiles: default
2020-03-31 15:09:27.925  INFO 33568 --- [main] o.s.w.c.s.GenericWebApplicationContext   : Refreshing org.springframework.web.context.support.GenericWebApplicationContext@7d900ecf: startup date [Tue Mar 31 15:09:27 ICT 2020]; root of context hierarchy
2020-03-31 15:09:29.668  INFO 33568 --- [main] o.s.w.s.handler.SimpleUrlHandlerMapping  : Mapped URL path [/**/favicon.ico] onto handler of type [class org.springframework.web.servlet.resource.ResourceHttpRequestHandler]
2020-03-31 15:09:29.836  INFO 33568 --- [main] s.w.s.m.m.a.RequestMappingHandlerAdapter : Looking for @ControllerAdvice: org.springframework.web.context.support.GenericWebApplicationContext@7d900ecf: startup date [Tue Mar 31 15:09:27 ICT 2020]; root of context hierarchy
2020-03-31 15:09:30.023  INFO 33568 --- [main] s.w.s.m.m.a.RequestMappingHandlerMapping : Mapped "{[/pages/dashboard],methods=[GET]}" onto public org.springframework.ui.ModelMap com.binance.future.controller.DashboardController.mmDashboard()
2020-03-31 15:09:30.025  INFO 33568 --- [main] s.w.s.m.m.a.RequestMappingHandlerMapping : Mapped "{[/pages/form-elements],methods=[GET]}" onto public org.springframework.ui.ModelMap com.binance.future.controller.FormElementsController.mmFormElements()
2020-03-31 15:09:30.026  INFO 33568 --- [main] s.w.s.m.m.a.RequestMappingHandlerMapping : Mapped "{[/api/v1/persons],methods=[GET]}" onto public java.util.List<com.binance.future.entity.Person> com.binance.future.controller.PersonController.findAll()
2020-03-31 15:09:30.027  INFO 33568 --- [main] s.w.s.m.m.a.RequestMappingHandlerMapping : Mapped "{[/pages/table-elements],methods=[GET]}" onto public org.springframework.ui.ModelMap com.binance.future.controller.TableElements.mmTableElements()
2020-03-31 15:09:30.030  INFO 33568 --- [main] s.w.s.m.m.a.RequestMappingHandlerMapping : Mapped "{[/error]}" onto public org.springframework.http.ResponseEntity<java.util.Map<java.lang.String, java.lang.Object>> org.springframework.boot.autoconfigure.web.servlet.error.BasicErrorController.error(javax.servlet.http.HttpServletRequest)
2020-03-31 15:09:30.031  INFO 33568 --- [main] s.w.s.m.m.a.RequestMappingHandlerMapping : Mapped "{[/error],produces=[text/html]}" onto public org.springframework.web.servlet.ModelAndView org.springframework.boot.autoconfigure.web.servlet.error.BasicErrorController.errorHtml(javax.servlet.http.HttpServletRequest,javax.servlet.http.HttpServletResponse)
2020-03-31 15:09:30.041  INFO 33568 --- [main] o.s.w.s.handler.SimpleUrlHandlerMapping  : Root mapping to handler of type [class org.springframework.web.servlet.mvc.ParameterizableViewController]
2020-03-31 15:09:30.056  INFO 33568 --- [main] o.s.w.s.handler.SimpleUrlHandlerMapping  : Mapped URL path [/webjars/**] onto handler of type [class org.springframework.web.servlet.resource.ResourceHttpRequestHandler]
2020-03-31 15:09:30.056  INFO 33568 --- [main] o.s.w.s.handler.SimpleUrlHandlerMapping  : Mapped URL path [/**] onto handler of type [class org.springframework.web.servlet.resource.ResourceHttpRequestHandler]
2020-03-31 15:09:30.132  WARN 33568 --- [main] org.thymeleaf.templatemode.TemplateMode  : [THYMELEAF][main] Template Mode 'LEGACYHTML5' is deprecated. Using Template Mode 'HTML' instead.
2020-03-31 15:09:30.343  INFO 33568 --- [main] ngBootThymeleafStarAdminApplicationTests : Started SpringBootThymeleafStarAdminApplicationTests in 3.127 seconds (JVM running for 4.402)
2020-03-31 15:09:30.603  INFO 33568 --- [Thread-3] o.s.w.c.s.GenericWebApplicationContext   : Closing org.springframework.web.context.support.GenericWebApplicationContext@7d900ecf: startup date [Tue Mar 31 15:09:27 ICT 2020]; root of context hierarchy
2020-03-31 15:10:38.752  INFO 33691 --- [restartedMain] c.b.f.BillionairBinanceFutureApplication : Starting BillionairBinanceFutureApplication on AlexDoan with PID 33691 (/Users/mdplus/Workspace/Home/Java/billionair-binance-future/target/classes started by mdplus in /Users/mdplus/Workspace/Home/Java/billionair-binance-future)
2020-03-31 15:10:38.754  INFO 33691 --- [restartedMain] c.b.f.BillionairBinanceFutureApplication : No active profile set, falling back to default profiles: default
2020-03-31 15:10:39.100  INFO 33691 --- [restartedMain] ConfigServletWebServerApplicationContext : Refreshing org.springframework.boot.web.servlet.context.AnnotationConfigServletWebServerApplicationContext@786c1d47: startup date [Tue Mar 31 15:10:39 ICT 2020]; root of context hierarchy
2020-03-31 15:10:41.144  INFO 33691 --- [restartedMain] o.s.b.w.embedded.tomcat.TomcatWebServer  : Tomcat initialized with port(s): 8080 (http)
2020-03-31 15:10:41.190  INFO 33691 --- [restartedMain] o.apache.catalina.core.StandardService   : Starting service [Tomcat]
2020-03-31 15:10:41.191  INFO 33691 --- [restartedMain] org.apache.catalina.core.StandardEngine  : Starting Servlet Engine: Apache Tomcat/8.5.34
2020-03-31 15:10:41.207  INFO 33691 --- [localhost-startStop-1] o.a.catalina.core.AprLifecycleListener   : The APR based Apache Tomcat Native library which allows optimal performance in production environments was not found on the java.library.path: [/Users/mdplus/Library/Java/Extensions:/Library/Java/Extensions:/Network/Library/Java/Extensions:/System/Library/Java/Extensions:/usr/lib/java:.]
2020-03-31 15:10:41.313  INFO 33691 --- [localhost-startStop-1] o.a.c.c.C.[Tomcat].[localhost].[/]       : Initializing Spring embedded WebApplicationContext
2020-03-31 15:10:41.313  INFO 33691 --- [localhost-startStop-1] o.s.web.context.ContextLoader            : Root WebApplicationContext: initialization completed in 2213 ms
2020-03-31 15:10:41.406  INFO 33691 --- [localhost-startStop-1] o.s.b.w.servlet.ServletRegistrationBean  : Servlet dispatcherServlet mapped to [/]
2020-03-31 15:10:41.420  INFO 33691 --- [localhost-startStop-1] o.s.b.w.servlet.FilterRegistrationBean   : Mapping filter: 'characterEncodingFilter' to: [/*]
2020-03-31 15:10:41.421  INFO 33691 --- [localhost-startStop-1] o.s.b.w.servlet.FilterRegistrationBean   : Mapping filter: 'hiddenHttpMethodFilter' to: [/*]
2020-03-31 15:10:41.421  INFO 33691 --- [localhost-startStop-1] o.s.b.w.servlet.FilterRegistrationBean   : Mapping filter: 'httpPutFormContentFilter' to: [/*]
2020-03-31 15:10:41.421  INFO 33691 --- [localhost-startStop-1] o.s.b.w.servlet.FilterRegistrationBean   : Mapping filter: 'requestContextFilter' to: [/*]
2020-03-31 15:10:41.943  INFO 33691 --- [restartedMain] o.s.w.s.handler.SimpleUrlHandlerMapping  : Mapped URL path [/**/favicon.ico] onto handler of type [class org.springframework.web.servlet.resource.ResourceHttpRequestHandler]
2020-03-31 15:10:42.105  INFO 33691 --- [restartedMain] s.w.s.m.m.a.RequestMappingHandlerAdapter : Looking for @ControllerAdvice: org.springframework.boot.web.servlet.context.AnnotationConfigServletWebServerApplicationContext@786c1d47: startup date [Tue Mar 31 15:10:39 ICT 2020]; root of context hierarchy
2020-03-31 15:10:42.202  INFO 33691 --- [restartedMain] s.w.s.m.m.a.RequestMappingHandlerMapping : Mapped "{[/pages/dashboard],methods=[GET]}" onto public org.springframework.ui.ModelMap com.binance.future.controller.DashboardController.mmDashboard()
2020-03-31 15:10:42.205  INFO 33691 --- [restartedMain] s.w.s.m.m.a.RequestMappingHandlerMapping : Mapped "{[/pages/form-elements],methods=[GET]}" onto public org.springframework.ui.ModelMap com.binance.future.controller.FormElementsController.mmFormElements()
2020-03-31 15:10:42.206  INFO 33691 --- [restartedMain] s.w.s.m.m.a.RequestMappingHandlerMapping : Mapped "{[/api/v1/persons],methods=[GET]}" onto public java.util.List<com.binance.future.entity.Person> com.binance.future.controller.PersonController.findAll()
2020-03-31 15:10:42.211  INFO 33691 --- [restartedMain] s.w.s.m.m.a.RequestMappingHandlerMapping : Mapped "{[/pages/table-elements],methods=[GET]}" onto public org.springframework.ui.ModelMap com.binance.future.controller.TableElements.mmTableElements()
2020-03-31 15:10:42.213  INFO 33691 --- [restartedMain] s.w.s.m.m.a.RequestMappingHandlerMapping : Mapped "{[/error]}" onto public org.springframework.http.ResponseEntity<java.util.Map<java.lang.String, java.lang.Object>> org.springframework.boot.autoconfigure.web.servlet.error.BasicErrorController.error(javax.servlet.http.HttpServletRequest)
2020-03-31 15:10:42.214  INFO 33691 --- [restartedMain] s.w.s.m.m.a.RequestMappingHandlerMapping : Mapped "{[/error],produces=[text/html]}" onto public org.springframework.web.servlet.ModelAndView org.springframework.boot.autoconfigure.web.servlet.error.BasicErrorController.errorHtml(javax.servlet.http.HttpServletRequest,javax.servlet.http.HttpServletResponse)
2020-03-31 15:10:42.225  INFO 33691 --- [restartedMain] o.s.w.s.handler.SimpleUrlHandlerMapping  : Root mapping to handler of type [class org.springframework.web.servlet.mvc.ParameterizableViewController]
2020-03-31 15:10:42.239  INFO 33691 --- [restartedMain] o.s.w.s.handler.SimpleUrlHandlerMapping  : Mapped URL path [/webjars/**] onto handler of type [class org.springframework.web.servlet.resource.ResourceHttpRequestHandler]
2020-03-31 15:10:42.240  INFO 33691 --- [restartedMain] o.s.w.s.handler.SimpleUrlHandlerMapping  : Mapped URL path [/**] onto handler of type [class org.springframework.web.servlet.resource.ResourceHttpRequestHandler]
2020-03-31 15:10:42.317  WARN 33691 --- [restartedMain] org.thymeleaf.templatemode.TemplateMode  : [THYMELEAF][restartedMain] Template Mode 'LEGACYHTML5' is deprecated. Using Template Mode 'HTML' instead.
2020-03-31 15:10:42.671  INFO 33691 --- [restartedMain] o.s.b.d.a.OptionalLiveReloadServer       : LiveReload server is running on port 35729
2020-03-31 15:10:42.698  INFO 33691 --- [restartedMain] o.s.j.e.a.AnnotationMBeanExporter        : Registering beans for JMX exposure on startup
2020-03-31 15:10:42.749  INFO 33691 --- [restartedMain] o.s.b.w.embedded.tomcat.TomcatWebServer  : Tomcat started on port(s): 8080 (http) with context path ''
2020-03-31 15:10:42.754  INFO 33691 --- [restartedMain] c.b.f.BillionairBinanceFutureApplication : Started BillionairBinanceFutureApplication in 4.583 seconds (JVM running for 5.306)
2020-03-31 15:11:44.468  INFO 33691 --- [http-nio-8080-exec-1] o.a.c.c.C.[Tomcat].[localhost].[/]       : Initializing Spring FrameworkServlet 'dispatcherServlet'
2020-03-31 15:11:44.469  INFO 33691 --- [http-nio-8080-exec-1] o.s.web.servlet.DispatcherServlet        : FrameworkServlet 'dispatcherServlet': initialization started
2020-03-31 15:11:44.493  INFO 33691 --- [http-nio-8080-exec-1] o.s.web.servlet.DispatcherServlet        : FrameworkServlet 'dispatcherServlet': initialization completed in 24 ms
2020-03-31 15:11:44.914  WARN 33691 --- [http-nio-8080-exec-1] n.n.u.t.decorators.DecoratorProcessor    : The layout:decorator/data-layout-decorator processor has been deprecated and will be removed in the next major version of the layout dialect.  Please use layout:decorate/data-layout-decorate instead to future-proof your code.  See https://github.com/ultraq/thymeleaf-layout-dialect/issues/95 for more information.
2020-03-31 15:11:45.078  WARN 33691 --- [http-nio-8080-exec-1] n.n.u.t.expressions.ExpressionProcessor  : Fragment expression "layout" is being wrapped as a Thymeleaf 3 fragment expression (~{...}) for backwards compatibility purposes.  This wrapping will be dropped in the next major version of the expression processor, so please rewrite as a Thymeleaf 3 fragment expression to future-proof your code.  See https://github.com/thymeleaf/thymeleaf/issues/451 for more information.
2020-03-31 15:13:22.697  INFO 33691 --- [Thread-9] ConfigServletWebServerApplicationContext : Closing org.springframework.boot.web.servlet.context.AnnotationConfigServletWebServerApplicationContext@786c1d47: startup date [Tue Mar 31 15:10:39 ICT 2020]; root of context hierarchy
2020-03-31 15:13:22.700  INFO 33691 --- [Thread-9] o.s.j.e.a.AnnotationMBeanExporter        : Unregistering JMX-exposed beans on shutdown
2020-03-31 15:14:01.007  INFO 33942 --- [restartedMain] c.b.f.BillionairBinanceFutureApplication : Starting BillionairBinanceFutureApplication on AlexDoan with PID 33942 (/Users/mdplus/Workspace/Home/Java/billionair-binance-future/target/classes started by mdplus in /Users/mdplus/Workspace/Home/Java/billionair-binance-future)
2020-03-31 15:14:01.008  INFO 33942 --- [restartedMain] c.b.f.BillionairBinanceFutureApplication : No active profile set, falling back to default profiles: default
2020-03-31 15:14:01.295  INFO 33942 --- [restartedMain] ConfigServletWebServerApplicationContext : Refreshing org.springframework.boot.web.servlet.context.AnnotationConfigServletWebServerApplicationContext@16b00d0f: startup date [Tue Mar 31 15:14:01 ICT 2020]; root of context hierarchy
2020-03-31 15:14:02.751  INFO 33942 --- [restartedMain] o.s.b.w.embedded.tomcat.TomcatWebServer  : Tomcat initialized with port(s): 8080 (http)
2020-03-31 15:14:02.775  INFO 33942 --- [restartedMain] o.apache.catalina.core.StandardService   : Starting service [Tomcat]
2020-03-31 15:14:02.775  INFO 33942 --- [restartedMain] org.apache.catalina.core.StandardEngine  : Starting Servlet Engine: Apache Tomcat/8.5.34
2020-03-31 15:14:02.779  INFO 33942 --- [localhost-startStop-1] o.a.catalina.core.AprLifecycleListener   : The APR based Apache Tomcat Native library which allows optimal performance in production environments was not found on the java.library.path: [/Users/mdplus/Library/Java/Extensions:/Library/Java/Extensions:/Network/Library/Java/Extensions:/System/Library/Java/Extensions:/usr/lib/java:.]
2020-03-31 15:14:02.845  INFO 33942 --- [localhost-startStop-1] o.a.c.c.C.[Tomcat].[localhost].[/]       : Initializing Spring embedded WebApplicationContext
2020-03-31 15:14:02.845  INFO 33942 --- [localhost-startStop-1] o.s.web.context.ContextLoader            : Root WebApplicationContext: initialization completed in 1550 ms
2020-03-31 15:14:02.905  INFO 33942 --- [localhost-startStop-1] o.s.b.w.servlet.ServletRegistrationBean  : Servlet dispatcherServlet mapped to [/]
2020-03-31 15:14:02.908  INFO 33942 --- [localhost-startStop-1] o.s.b.w.servlet.FilterRegistrationBean   : Mapping filter: 'characterEncodingFilter' to: [/*]
2020-03-31 15:14:02.909  INFO 33942 --- [localhost-startStop-1] o.s.b.w.servlet.FilterRegistrationBean   : Mapping filter: 'hiddenHttpMethodFilter' to: [/*]
2020-03-31 15:14:02.909  INFO 33942 --- [localhost-startStop-1] o.s.b.w.servlet.FilterRegistrationBean   : Mapping filter: 'httpPutFormContentFilter' to: [/*]
2020-03-31 15:14:02.909  INFO 33942 --- [localhost-startStop-1] o.s.b.w.servlet.FilterRegistrationBean   : Mapping filter: 'requestContextFilter' to: [/*]
2020-03-31 15:14:03.205  INFO 33942 --- [restartedMain] o.s.w.s.handler.SimpleUrlHandlerMapping  : Mapped URL path [/**/favicon.ico] onto handler of type [class org.springframework.web.servlet.resource.ResourceHttpRequestHandler]
2020-03-31 15:14:03.547  INFO 33942 --- [restartedMain] s.w.s.m.m.a.RequestMappingHandlerAdapter : Looking for @ControllerAdvice: org.springframework.boot.web.servlet.context.AnnotationConfigServletWebServerApplicationContext@16b00d0f: startup date [Tue Mar 31 15:14:01 ICT 2020]; root of context hierarchy
2020-03-31 15:14:03.635  INFO 33942 --- [restartedMain] s.w.s.m.m.a.RequestMappingHandlerMapping : Mapped "{[/pages/dashboard],methods=[GET]}" onto public org.springframework.ui.ModelMap com.binance.future.controller.DashboardController.mmDashboard()
2020-03-31 15:14:03.638  INFO 33942 --- [restartedMain] s.w.s.m.m.a.RequestMappingHandlerMapping : Mapped "{[/pages/form-elements],methods=[GET]}" onto public org.springframework.ui.ModelMap com.binance.future.controller.FormElementsController.mmFormElements()
2020-03-31 15:14:03.640  INFO 33942 --- [restartedMain] s.w.s.m.m.a.RequestMappingHandlerMapping : Mapped "{[/api/v1/persons],methods=[GET]}" onto public java.util.List<com.binance.future.entity.Person> com.binance.future.controller.PersonController.findAll()
2020-03-31 15:14:03.642  INFO 33942 --- [restartedMain] s.w.s.m.m.a.RequestMappingHandlerMapping : Mapped "{[/pages/table-elements],methods=[GET]}" onto public org.springframework.ui.ModelMap com.binance.future.controller.TableElements.mmTableElements()
2020-03-31 15:14:03.663  INFO 33942 --- [restartedMain] s.w.s.m.m.a.RequestMappingHandlerMapping : Mapped "{[/error]}" onto public org.springframework.http.ResponseEntity<java.util.Map<java.lang.String, java.lang.Object>> org.springframework.boot.autoconfigure.web.servlet.error.BasicErrorController.error(javax.servlet.http.HttpServletRequest)
2020-03-31 15:14:03.668  INFO 33942 --- [restartedMain] s.w.s.m.m.a.RequestMappingHandlerMapping : Mapped "{[/error],produces=[text/html]}" onto public org.springframework.web.servlet.ModelAndView org.springframework.boot.autoconfigure.web.servlet.error.BasicErrorController.errorHtml(javax.servlet.http.HttpServletRequest,javax.servlet.http.HttpServletResponse)
2020-03-31 15:14:03.685  INFO 33942 --- [restartedMain] o.s.w.s.handler.SimpleUrlHandlerMapping  : Root mapping to handler of type [class org.springframework.web.servlet.mvc.ParameterizableViewController]
2020-03-31 15:14:03.715  INFO 33942 --- [restartedMain] o.s.w.s.handler.SimpleUrlHandlerMapping  : Mapped URL path [/webjars/**] onto handler of type [class org.springframework.web.servlet.resource.ResourceHttpRequestHandler]
2020-03-31 15:14:03.716  INFO 33942 --- [restartedMain] o.s.w.s.handler.SimpleUrlHandlerMapping  : Mapped URL path [/**] onto handler of type [class org.springframework.web.servlet.resource.ResourceHttpRequestHandler]
2020-03-31 15:14:03.929  WARN 33942 --- [restartedMain] org.thymeleaf.templatemode.TemplateMode  : [THYMELEAF][restartedMain] Template Mode 'LEGACYHTML5' is deprecated. Using Template Mode 'HTML' instead.
2020-03-31 15:14:04.489  INFO 33942 --- [restartedMain] o.s.b.d.a.OptionalLiveReloadServer       : LiveReload server is running on port 35729
2020-03-31 15:14:04.556  INFO 33942 --- [restartedMain] o.s.j.e.a.AnnotationMBeanExporter        : Registering beans for JMX exposure on startup
2020-03-31 15:14:04.630  INFO 33942 --- [restartedMain] o.s.b.w.embedded.tomcat.TomcatWebServer  : Tomcat started on port(s): 8080 (http) with context path ''
2020-03-31 15:14:04.636  INFO 33942 --- [restartedMain] c.b.f.BillionairBinanceFutureApplication : Started BillionairBinanceFutureApplication in 3.938 seconds (JVM running for 4.707)
2020-03-31 15:25:06.441  INFO 33942 --- [Thread-16] ConfigServletWebServerApplicationContext : Closing org.springframework.boot.web.servlet.context.AnnotationConfigServletWebServerApplicationContext@16b00d0f: startup date [Tue Mar 31 15:14:01 ICT 2020]; root of context hierarchy
2020-03-31 15:25:06.452  INFO 33942 --- [Thread-16] o.s.j.e.a.AnnotationMBeanExporter        : Unregistering JMX-exposed beans on shutdown
